com.sap.ide.xpi.ui.common.services: Failed to read transport mechansimsUnexpected error on server for system DIRECTORY with application DIRECTORY. Detailed information: while trying to invoke the method com.sap.aii.utilxi.hmi.api.HmiMethodOutput.getRollbackOnly() of a null object loaded from local variable 'lMethodOutput'. Server stack trace: 
java.lang.NullPointerException: while trying to invoke the method com.sap.aii.utilxi.hmi.api.HmiMethodOutput.getRollbackOnly() of a null object loaded from local variable 'lMethodOutput'
	at com.sap.aii.utilxi.hmis.server.HmisServer.process(HmisServer.java:225)
	at com.sap.aii.utilxi.hmis.sbeans.HmisBeanImpl.process(HmisBeanImpl.java:105)
	at sun.reflect.GeneratedMethodAccessor742.invoke(Unknown Source)
	at sun.reflect.DelegatingMethodAccessorImpl.invoke(DelegatingMethodAccessorImpl.java:25)
	at java.lang.reflect.Method.invoke(Method.java:597)
	at com.sap.engine.services.ejb3.runtime.impl.RequestInvocationContext.proceedFinal(RequestInvocationContext.java:47)
	at com.sap.engine.services.ejb3.runtime.impl.AbstractInvocationContext.proceed(AbstractInvocationContext.java:166)
	at com.sap.engine.services.ejb3.runtime.impl.Interceptors_StatesTransition.invoke(Interceptors_StatesTransition.java:19)
	at com.sap.engine.services.ejb3.runtime.impl.AbstractInvocationContext.proceed(AbstractInvocationContext.java:179)
	at com.sap.engine.services.ejb3.runtime.impl.Interceptors_Resource.invoke(Interceptors_Resource.java:50)
	at com.sap.engine.services.ejb3.runtime.impl.AbstractInvocationContext.proceed(AbstractInvocationContext.java:179)
	at com.sap.engine.services.ejb3.runtime.impl.Interceptors_Transaction.doWorkWithAttribute(Interceptors_Transaction.java:37)
	at com.sap.engine.services.ejb3.runtime.impl.Interceptors_Transaction.invoke(Interceptors_Transaction.java:21)
	at com.sap.engine.services.ejb3.runtime.impl.AbstractInvocationContext.proceed(AbstractInvocationContext.java:179)
	at com.sap.engine.services.ejb3.runtime.impl.Interceptors_MethodRetry.invoke(Interceptors_MethodRetry.java:46)
	at com.sap.engine.services.ejb3.runtime.impl.AbstractInvocationContext.proceed(AbstractInvocationContext.java:179)
	at com.sap.engine.services.ejb3.runtime.impl.AbstractInvocationContext.proceed(AbstractInvocationContext.java:191)
	at com.sap.engine.services.ejb3.runtime.impl.Interceptors_StatelessInstanceGetter.invoke(Interceptors_StatelessInstanceGetter.java:23)
	at com.sap.engine.services.ejb3.runtime.impl.AbstractInvocationContext.proceed(AbstractInvocationContext.java:179)
	at com.sap.engine.services.ejb3.runtime.impl.Interceptors_SecurityCheck.invoke(Interceptors_SecurityCheck.java:25)
	at com.sap.engine.services.ejb3.runtime.impl.AbstractInvocationContext.proceed(AbstractInvocationContext.java:179)
	at com.sap.engine.services.ejb3.runtime.impl.Interceptors_ExceptionTracer.invoke(Interceptors_ExceptionTracer.java:17)
	at com.sap.engine.services.ejb3.runtime.impl.AbstractInvocationContext.proceed(AbstractInvocationContext.java:179)
	at com.sap.engine.services.ejb3.runtime.impl.DefaultInvocationChainsManager.startChain(DefaultInvocationChainsManager.java:138)
	at com.sap.engine.services.ejb3.runtime.impl.DefaultEJBProxyInvocationHandler.invoke(DefaultEJBProxyInvocationHandler.java:172)
	at com.sap.engine.services.ejb3.runtime.impl.DefaultEJBProxyInvocationHandler.invoke(DefaultEJBProxyInvocationHandler.java:99)
	at com.sun.proxy.$Proxy1377.process(Unknown Source)
	at com.sap.aii.utilxi.hmis.web.HmisServletImpl.processRequestByHmiServer(HmisServletImpl.java:365)
	at com.sap.aii.utilxi.hmis.web.HmisServletImpl.processRequestByHmiServer(HmisServletImpl.java:272)
	at com.sap.aii.utilxi.hmis.web.workers.HmisInternalClient.doWork(HmisInternalClient.java:70)
	at com.sap.aii.utilxi.hmis.web.HmisServletImpl.doWork(HmisServletImpl.java:571)
	at com.sap.aii.utilxi.hmis.web.HmisServletImpl.doPost(HmisServletImpl.java:712)
	at com.sap.aii.ib.web.hmi.HmiServlet.doPost(HmiServlet.java:40)
	at javax.servlet.http.HttpServlet.service(HttpServlet.java:754)
	at javax.servlet.http.HttpServlet.service(HttpServlet.java:847)
	at com.sap.engine.services.servlets_jsp.server.runtime.FilterChainImpl.runServlet(FilterChainImpl.java:202)
	at com.sap.engine.services.servlets_jsp.server.runtime.FilterChainImpl.doFilter(FilterChainImpl.java:103)
	at com.sap.engine.services.servlets_jsp.server.servlet.AuthenticationFilter.doFilter(AuthenticationFilter.java:126)
	at com.sap.engine.services.servlets_jsp.server.runtime.FilterChainImpl.doFilter(FilterChainImpl.java:79)
	at com.sap.xsrf.filter.XSRFProtectorFilter.doFilter(XSRFProtectorFilter.java:62)
	at com.sap.engine.services.servlets_jsp.server.runtime.FilterChainImpl.doFilter(FilterChainImpl.java:79)
	at com.sap.engine.services.servlets_jsp.server.HttpHandlerImpl.runServlet(HttpHandlerImpl.java:441)
	at com.sap.engine.services.servlets_jsp.server.HttpHandlerImpl.handleRequest(HttpHandlerImpl.java:210)
	at com.sap.engine.services.httpserver.server.RequestAnalizer.startServlet(RequestAnalizer.java:441)
	at com.sap.engine.services.httpserver.server.RequestAnalizer.startServlet(RequestAnalizer.java:430)
	at com.sap.engine.services.servlets_jsp.filters.DSRWebContainerFilter.process(DSRWebContainerFilter.java:38)
	at com.sap.engine.services.httpserver.chain.AbstractChain.process(AbstractChain.java:78)
	at com.sap.engine.services.servlets_jsp.filters.ServletSelector.process(ServletSelector.java:81)
	at com.sap.engine.services.httpserver.chain.AbstractChain.process(AbstractChain.java:78)
	at com.sap.engine.services.servlets_jsp.filters.ApplicationSelector.process(ApplicationSelector.java:278)
	at com.sap.engine.services.httpserver.chain.AbstractChain.process(AbstractChain.java:78)
	at com.sap.engine.services.httpserver.filters.WebContainerInvoker.process(WebContainerInvoker.java:81)
	at com.sap.engine.services.httpserver.chain.HostFilter.process(HostFilter.java:9)
	at com.sap.engine.services.httpserver.chain.AbstractChain.process(AbstractChain.java:78)
	at com.sap.engine.services.httpserver.filters.DefineHostFilter.process(DefineHostFilter.java:27)
	at com.sap.engine.services.httpserver.chain.ServerFilter.process(ServerFilter.java:12)
	at com.sap.engine.services.httpserver.chain.AbstractChain.process(AbstractChain.java:78)
	at com.sap.engine.services.httpserver.filters.MonitoringFilter.process(MonitoringFilter.java:29)
	at com.sap.engine.services.httpserver.chain.ServerFilter.process(ServerFilter.java:12)
	at com.sap.engine.services.httpserver.chain.AbstractChain.process(AbstractChain.java:78)
	at com.sap.engine.services.httpserver.filters.SessionSizeFilter.process(SessionSizeFilter.java:26)
	at com.sap.engine.services.httpserver.chain.ServerFilter.process(ServerFilter.java:12)
	at com.sap.engine.services.httpserver.chain.AbstractChain.process(AbstractChain.java:78)
	at com.sap.engine.services.httpserver.filters.MemoryStatisticFilter.process(MemoryStatisticFilter.java:57)
	at com.sap.engine.services.httpserver.chain.ServerFilter.process(ServerFilter.java:12)
	at com.sap.engine.services.httpserver.chain.AbstractChain.process(AbstractChain.java:78)
	at com.sap.engine.services.httpserver.filters.DSRHttpFilter.process(DSRHttpFilter.java:43)
	at com.sap.engine.services.httpserver.chain.ServerFilter.process(ServerFilter.java:12)
	at com.sap.engine.services.httpserver.chain.AbstractChain.process(AbstractChain.java:78)
	at com.sap.engine.services.httpserver.server.Processor.chainedRequest(Processor.java:468)
	at com.sap.engine.services.httpserver.server.Processor$FCAProcessorThread.process(Processor.java:262)
	at com.sap.engine.services.httpserver.server.rcm.RequestProcessorThread.run(RequestProcessorThread.java:56)
	at com.sap.engine.core.thread.execution.Executable.run(Executable.java:122)
	at com.sap.engine.core.thread.execution.Executable.run(Executable.java:101)
	at com.sap.engine.core.thread.execution.CentralExecutor$SingleThread.run(CentralExecutor.java:328)
xecutor$SingleThread.run(CentralExecutor.java:328)
Unexpected error on server for system DIRECTORY with application DIRECTORY. Detailed information: while trying to invoke the method com.sap.aii.utilxi.hmi.api.HmiMethodOutput.getRollbackOnly() of a null object loaded from local variable 'lMethodOutput'. Server stack trace: 
java.lang.NullPointerException: while trying to invoke the method com.sap.aii.utilxi.hmi.api.HmiMethodOutput.getRollbackOnly() of a null object loaded from local variable 'lMethodOutput'
	at com.sap.aii.utilxi.hmis.server.HmisServer.process(HmisServer.java:225)
	at com.sap.aii.utilxi.hmis.sbeans.HmisBeanImpl.process(HmisBeanImpl.java:105)
	at sun.reflect.GeneratedMethodAccessor742.invoke(Unknown Source)
	at sun.reflect.DelegatingMethodAccessorImpl.invoke(DelegatingMethodAccessorImpl.java:25)
	at java.lang.reflect.Method.invoke(Method.java:597)
	at com.sap.engine.services.ejb3.runtime.impl.RequestInvocationContext.proceedFinal(RequestInvocationContext.java:47)
	at com.sap.engine.services.ejb3.runtime.impl.AbstractInvocationContext.proceed(AbstractInvocationContext.java:166)
	at com.sap.engine.services.ejb3.runtime.impl.Interceptors_StatesTransition.invoke(Interceptors_StatesTransition.java:19)
	at com.sap.engine.services.ejb3.runtime.impl.AbstractInvocationContext.proceed(AbstractInvocationContext.java:179)
	at com.sap.engine.services.ejb3.runtime.impl.Interceptors_Resource.invoke(Interceptors_Resource.java:50)
	at com.sap.engine.services.ejb3.runtime.impl.AbstractInvocationContext.proceed(AbstractInvocationContext.java:179)
	at com.sap.engine.services.ejb3.runtime.impl.Interceptors_Transaction.doWorkWithAttribute(Interceptors_Transaction.java:37)
	at com.sap.engine.services.ejb3.runtime.impl.Interceptors_Transaction.invoke(Interceptors_Transaction.java:21)
	at com.sap.engine.services.ejb3.runtime.impl.AbstractInvocationContext.proceed(AbstractInvocationContext.java:179)
	at com.sap.engine.services.ejb3.runtime.impl.Interceptors_MethodRetry.invoke(Interceptors_MethodRetry.java:46)
	at com.sap.engine.services.ejb3.runtime.impl.AbstractInvocationContext.proceed(AbstractInvocationContext.java:179)
	at com.sap.engine.services.ejb3.runtime.impl.AbstractInvocationContext.proceed(AbstractInvocationContext.java:191)
	at com.sap.engine.services.ejb3.runtime.impl.Interceptors_StatelessInstanceGetter.invoke(Interceptors_StatelessInstanceGetter.java:23)
	at com.sap.engine.services.ejb3.runtime.impl.AbstractInvocationContext.proceed(AbstractInvocationContext.java:179)
	at com.sap.engine.services.ejb3.runtime.impl.Interceptors_SecurityCheck.invoke(Interceptors_SecurityCheck.java:25)
	at com.sap.engine.services.ejb3.runtime.impl.AbstractInvocationContext.proceed(AbstractInvocationContext.java:179)
	at com.sap.engine.services.ejb3.runtime.impl.Interceptors_ExceptionTracer.invoke(Interceptors_ExceptionTracer.java:17)
	at com.sap.engine.services.ejb3.runtime.impl.AbstractInvocationContext.proceed(AbstractInvocationContext.java:179)
	at com.sap.engine.services.ejb3.runtime.impl.DefaultInvocationChainsManager.startChain(DefaultInvocationChainsManager.java:138)
	at com.sap.engine.services.ejb3.runtime.impl.DefaultEJBProxyInvocationHandler.invoke(DefaultEJBProxyInvocationHandler.java:172)
	at com.sap.engine.services.ejb3.runtime.impl.DefaultEJBProxyInvocationHandler.invoke(DefaultEJBProxyInvocationHandler.java:99)
	at com.sun.proxy.$Proxy1377.process(Unknown Source)
	at com.sap.aii.utilxi.hmis.web.HmisServletImpl.processRequestByHmiServer(HmisServletImpl.java:365)
	at com.sap.aii.utilxi.hmis.web.HmisServletImpl.processRequestByHmiServer(HmisServletImpl.java:272)
	at com.sap.aii.utilxi.hmis.web.workers.HmisInternalClient.doWork(HmisInternalClient.java:70)
	at com.sap.aii.utilxi.hmis.web.HmisServletImpl.doWork(HmisServletImpl.java:571)
	at com.sap.aii.utilxi.hmis.web.HmisServletImpl.doPost(HmisServletImpl.java:712)
	at com.sap.aii.ib.web.hmi.HmiServlet.doPost(HmiServlet.java:40)
	at javax.servlet.http.HttpServlet.service(HttpServlet.java:754)
	at javax.servlet.http.HttpServlet.service(HttpServlet.java:847)
	at com.sap.engine.services.servlets_jsp.server.runtime.FilterChainImpl.runServlet(FilterChainImpl.java:202)
	at com.sap.engine.services.servlets_jsp.server.runtime.FilterChainImpl.doFilter(FilterChainImpl.java:103)
	at com.sap.engine.services.servlets_jsp.server.servlet.AuthenticationFilter.doFilter(AuthenticationFilter.java:126)
	at com.sap.engine.services.servlets_jsp.server.runtime.FilterChainImpl.doFilter(FilterChainImpl.java:79)
	at com.sap.xsrf.filter.XSRFProtectorFilter.doFilter(XSRFProtectorFilter.java:62)
	at com.sap.engine.services.servlets_jsp.server.runtime.FilterChainImpl.doFilter(FilterChainImpl.java:79)
	at com.sap.engine.services.servlets_jsp.server.HttpHandlerImpl.runServlet(HttpHandlerImpl.java:441)
	at com.sap.engine.services.servlets_jsp.server.HttpHandlerImpl.handleRequest(HttpHandlerImpl.java:210)
	at com.sap.engine.services.httpserver.server.RequestAnalizer.startServlet(RequestAnalizer.java:441)
	at com.sap.engine.services.httpserver.server.RequestAnalizer.startServlet(RequestAnalizer.java:430)
	at com.sap.engine.services.servlets_jsp.filters.DSRWebContainerFilter.process(DSRWebContainerFilter.java:38)
	at com.sap.engine.services.httpserver.chain.AbstractChain.process(AbstractChain.java:78)
	at com.sap.engine.services.servlets_jsp.filters.ServletSelector.process(ServletSelector.java:81)
	at com.sap.engine.services.httpserver.chain.AbstractChain.process(AbstractChain.java:78)
	at com.sap.engine.services.servlets_jsp.filters.ApplicationSelector.process(ApplicationSelector.java:278)
	at com.sap.engine.services.httpserver.chain.AbstractChain.process(AbstractChain.java:78)
	at com.sap.engine.services.httpserver.filters.WebContainerInvoker.process(WebContainerInvoker.java:81)
	at com.sap.engine.services.httpserver.chain.HostFilter.process(HostFilter.java:9)
	at com.sap.engine.services.httpserver.chain.AbstractChain.process(AbstractChain.java:78)
	at com.sap.engine.services.httpserver.filters.DefineHostFilter.process(DefineHostFilter.java:27)
	at com.sap.engine.services.httpserver.chain.ServerFilter.process(ServerFilter.java:12)
	at com.sap.engine.services.httpserver.chain.AbstractChain.process(AbstractChain.java:78)
	at com.sap.engine.services.httpserver.filters.MonitoringFilter.process(MonitoringFilter.java:29)
	at com.sap.engine.services.httpserver.chain.ServerFilter.process(ServerFilter.java:12)
	at com.sap.engine.services.httpserver.chain.AbstractChain.process(AbstractChain.java:78)
	at com.sap.engine.services.httpserver.filters.SessionSizeFilter.process(SessionSizeFilter.java:26)
	at com.sap.engine.services.httpserver.chain.ServerFilter.process(ServerFilter.java:12)
	at com.sap.engine.services.httpserver.chain.AbstractChain.process(AbstractChain.java:78)
	at com.sap.engine.services.httpserver.filters.MemoryStatisticFilter.process(MemoryStatisticFilter.java:57)
	at com.sap.engine.services.httpserver.chain.ServerFilter.process(ServerFilter.java:12)
	at com.sap.engine.services.httpserver.chain.AbstractChain.process(AbstractChain.java:78)
	at com.sap.engine.services.httpserver.filters.DSRHttpFilter.process(DSRHttpFilter.java:43)
	at com.sap.engine.services.httpserver.chain.ServerFilter.process(ServerFilter.java:12)
	at com.sap.engine.services.httpserver.chain.AbstractChain.process(AbstractChain.java:78)
	at com.sap.engine.services.httpserver.server.Processor.chainedRequest(Processor.java:468)
	at com.sap.engine.services.httpserver.server.Processor$FCAProcessorThread.process(Processor.java:262)
	at com.sap.engine.services.httpserver.server.rcm.RequestProcessorThread.run(RequestProcessorThread.java:56)
	at com.sap.engine.core.thread.execution.Executable.run(Executable.java:122)
	at com.sap.engine.core.thread.execution.Executable.run(Executable.java:101)
	at com.sap.engine.core.thread.execution.CentralExecutor$SingleThread.run(CentralExecutor.java:328)
com.sap.ide.xpi.ui.common.services: class: com.sap.ide.xpi.ui.iflow.browser.deployview.DeployView  method: loadData() -> For more details, check with SAP SupportFor more details, check with SAP Supportcom.sap.ide.xpi.ui.common.services: method: HmiClientAdapter -> Host, Username or Password passed is nullcom.sap.ide.xpi.ui.common.services: Can't tunnel connection to ESRcom.sap.ide.xpi.ui.common.services: Could not log on to ES Repositorycom.sap.ide.xpi.ui.common.services: Could not log on to ES Repository